# JRE version: OpenJDK Runtime Environment Corretto-18.0.2.9.1 (18.0.2+9) (build 18.0.2+9-FR)
# Java VM: OpenJDK 64-Bit Server VM Corretto-18.0.2.9.1 (18.0.2+9-FR, mixed mode, sharing, tiered, compressed oops, compressed class ptrs, g1 gc, windows-amd64)
GC Precious Log:
 CardTable entry size: 512
 Card Set container configuration: InlinePtr #cards 4 size 8 Array Of Cards #cards 16 size 48 Howl #buckets 8 coarsen threshold 3686 Howl Bitmap #cards 512 size 80 coarsen threshold 460 Card regions per heap region 1 cards per card region 4096
 CPUs: 8 total, 8 available
 Memory: 16142M
 Large Page Support: Disabled
 NUMA Support: Disabled
 Compressed Oops: Enabled (Zero based)
 Heap Region Size: 2M
 Heap Min Capacity: 8M
 Heap Initial Capacity: 254M
 Heap Max Capacity: 4036M
 Pre-touch: Disabled
 Parallel Workers: 8
 Concurrent Workers: 2
 Concurrent Refinement Workers: 8
 Periodic GC: Disabled
Heap:
 garbage-first heap   total 96256K, used 47186K [0x0000000703c00000, 0x0000000800000000)
  region size 2048K, 7 young (14336K), 2 survivors (4096K)
 Metaspace       used 74340K, committed 75008K, reserved 1114112K
  class space    used 9502K, committed 9856K, reserved 1048576K
GC Heap History (20 events):
Event: 5.952 GC heap before
{Heap before GC invocations=8 (full 0):
 garbage-first heap   total 61440K, used 39952K [0x0000000703c00000, 0x0000000800000000)
  region size 2048K, 12 young (24576K), 2 survivors (4096K)
 Metaspace       used 31096K, committed 31488K, reserved 1114112K
  class space    used 3891K, committed 4096K, reserved 1048576K
}
Event: 5.957 GC heap after
{Heap after GC invocations=9 (full 0):
 garbage-first heap   total 61440K, used 22232K [0x0000000703c00000, 0x0000000800000000)
  region size 2048K, 1 young (2048K), 1 survivors (2048K)
 Metaspace       used 31096K, committed 31488K, reserved 1114112K
  class space    used 3891K, committed 4096K, reserved 1048576K
}
Event: 6.491 GC heap before
{Heap before GC invocations=9 (full 0):
 garbage-first heap   total 61440K, used 40664K [0x0000000703c00000, 0x0000000800000000)
  region size 2048K, 11 young (22528K), 1 survivors (2048K)
 Metaspace       used 32697K, committed 33024K, reserved 1114112K
  class space    used 4104K, committed 4288K, reserved 1048576K
}
Event: 6.496 GC heap after
{Heap after GC invocations=10 (full 0):
 garbage-first heap   total 161792K, used 22814K [0x0000000703c00000, 0x0000000800000000)
  region size 2048K, 1 young (2048K), 1 survivors (2048K)
 Metaspace       used 32697K, committed 33024K, reserved 1114112K
  class space    used 4104K, committed 4288K, reserved 1048576K
}
Event: 6.915 GC heap before
{Heap before GC invocations=10 (full 0):
 garbage-first heap   total 161792K, used 26910K [0x0000000703c00000, 0x0000000800000000)
  region size 2048K, 5 young (10240K), 1 survivors (2048K)
 Metaspace       used 35721K, committed 36096K, reserved 1114112K
  class space    used 4424K, committed 4608K, reserved 1048576K
}
Event: 6.920 GC heap after
{Heap after GC invocations=11 (full 0):
 garbage-first heap   total 161792K, used 24019K [0x0000000703c00000, 0x0000000800000000)
  region size 2048K, 2 young (4096K), 2 survivors (4096K)
 Metaspace       used 35721K, committed 36096K, reserved 1114112K
  class space    used 4424K, committed 4608K, reserved 1048576K
}
Event: 9.526 GC heap before
{Heap before GC invocations=12 (full 0):
 garbage-first heap   total 96256K, used 77267K [0x0000000703c00000, 0x0000000800000000)
  region size 2048K, 28 young (57344K), 2 survivors (4096K)
 Metaspace       used 48808K, committed 49216K, reserved 1114112K
  class space    used 6337K, committed 6528K, reserved 1048576K
}
Event: 9.532 GC heap after
{Heap after GC invocations=13 (full 0):
 garbage-first heap   total 96256K, used 27103K [0x0000000703c00000, 0x0000000800000000)
  region size 2048K, 3 young (6144K), 3 survivors (6144K)
 Metaspace       used 48808K, committed 49216K, reserved 1114112K
  class space    used 6337K, committed 6528K, reserved 1048576K
}
Event: 11.379 GC heap before
{Heap before GC invocations=13 (full 0):
 garbage-first heap   total 96256K, used 70111K [0x0000000703c00000, 0x0000000800000000)
  region size 2048K, 24 young (49152K), 3 survivors (6144K)
 Metaspace       used 57146K, committed 57600K, reserved 1114112K
  class space    used 7548K, committed 7744K, reserved 1048576K
}
Event: 11.389 GC heap after
{Heap after GC invocations=14 (full 0):
 garbage-first heap   total 96256K, used 29769K [0x0000000703c00000, 0x0000000800000000)
  region size 2048K, 2 young (4096K), 2 survivors (4096K)
 Metaspace       used 57146K, committed 57600K, reserved 1114112K
  class space    used 7548K, committed 7744K, reserved 1048576K
}
Event: 12.948 GC heap before
{Heap before GC invocations=14 (full 0):
 garbage-first heap   total 96256K, used 62537K [0x0000000703c00000, 0x0000000800000000)
  region size 2048K, 19 young (38912K), 2 survivors (4096K)
 Metaspace       used 60605K, committed 61056K, reserved 1114112K
  class space    used 8036K, committed 8256K, reserved 1048576K
}
Event: 12.957 GC heap after
{Heap after GC invocations=15 (full 0):
 garbage-first heap   total 96256K, used 32395K [0x0000000703c00000, 0x0000000800000000)
  region size 2048K, 3 young (6144K), 3 survivors (6144K)
 Metaspace       used 60605K, committed 61056K, reserved 1114112K
  class space    used 8036K, committed 8256K, reserved 1048576K
}
Event: 120.242 GC heap before
{Heap before GC invocations=16 (full 0):
 garbage-first heap   total 96256K, used 73355K [0x0000000703c00000, 0x0000000800000000)
  region size 2048K, 23 young (47104K), 3 survivors (6144K)
 Metaspace       used 66158K, committed 66624K, reserved 1114112K
  class space    used 8762K, committed 8960K, reserved 1048576K
}
Event: 120.250 GC heap after
{Heap after GC invocations=17 (full 0):
 garbage-first heap   total 96256K, used 35492K [0x0000000703c00000, 0x0000000800000000)
  region size 2048K, 3 young (6144K), 3 survivors (6144K)
 Metaspace       used 66158K, committed 66624K, reserved 1114112K
  class space    used 8762K, committed 8960K, reserved 1048576K
}
Event: 261.925 GC heap before
{Heap before GC invocations=17 (full 0):
 garbage-first heap   total 96256K, used 72356K [0x0000000703c00000, 0x0000000800000000)
  region size 2048K, 21 young (43008K), 3 survivors (6144K)
 Metaspace       used 70647K, committed 71168K, reserved 1114112K
  class space    used 9206K, committed 9472K, reserved 1048576K
}
Event: 261.931 GC heap after
{Heap after GC invocations=18 (full 0):
 garbage-first heap   total 96256K, used 38599K [0x0000000703c00000, 0x0000000800000000)
  region size 2048K, 2 young (4096K), 2 survivors (4096K)
 Metaspace       used 70647K, committed 71168K, reserved 1114112K
  class space    used 9206K, committed 9472K, reserved 1048576K
}
Event: 448.902 GC heap before
{Heap before GC invocations=18 (full 0):
 garbage-first heap   total 96256K, used 73415K [0x0000000703c00000, 0x0000000800000000)
  region size 2048K, 19 young (38912K), 2 survivors (4096K)
 Metaspace       used 72473K, committed 73024K, reserved 1114112K
  class space    used 9395K, committed 9664K, reserved 1048576K
}
Event: 448.907 GC heap after
{Heap after GC invocations=19 (full 0):
 garbage-first heap   total 96256K, used 38410K [0x0000000703c00000, 0x0000000800000000)
  region size 2048K, 2 young (4096K), 2 survivors (4096K)
 Metaspace       used 72473K, committed 73024K, reserved 1114112K
  class space    used 9395K, committed 9664K, reserved 1048576K
}
Event: 710.390 GC heap before
{Heap before GC invocations=19 (full 0):
 garbage-first heap   total 96256K, used 75274K [0x0000000703c00000, 0x0000000800000000)
  region size 2048K, 20 young (40960K), 2 survivors (4096K)
 Metaspace       used 74152K, committed 74880K, reserved 1114112K
  class space    used 9501K, committed 9856K, reserved 1048576K
}
Event: 710.394 GC heap after
{Heap after GC invocations=20 (full 0):
 garbage-first heap   total 96256K, used 38994K [0x0000000703c00000, 0x0000000800000000)
  region size 2048K, 2 young (4096K), 2 survivors (4096K)
 Metaspace       used 74152K, committed 74880K, reserved 1114112K
  class space    used 9501K, committed 9856K, reserved 1048576K
}

